2026-04-14 21:11:26,854 [INFO] Engine [qa] initialized: base=https://qatar.arablocal.com, concurrency=9, proxies=0, limit=20
2026-04-14 21:11:26,871 [INFO] [L0] Discovering categories from https://qatar.arablocal.com/business
2026-04-14 21:11:28,738 [INFO] [session] Stealth browser session started (page pool)
2026-04-14 21:11:31,586 [INFO] [L0] Found 253 raw category hrefs
2026-04-14 21:11:34,436 [INFO] [L0] Found 205 categories
2026-04-14 21:11:34,437 [INFO]   • Electronics -> https://qatar.arablocal.com/business/category/electronics
2026-04-14 21:11:34,437 [INFO]   • Hospitals Clinics -> https://qatar.arablocal.com/business/category/hospitals-clinics
2026-04-14 21:11:34,437 [INFO]   • Cafeterias -> https://qatar.arablocal.com/business/category/cafeterias
2026-04-14 21:11:34,437 [INFO]   • Fitness -> https://qatar.arablocal.com/business/category/fitness
2026-04-14 21:11:34,437 [INFO]   • Food -> https://qatar.arablocal.com/business/category/food
2026-04-14 21:11:34,437 [INFO]   • Business B2B -> https://qatar.arablocal.com/business/category/business-b2b
2026-04-14 21:11:34,437 [INFO]   • Industrial -> https://qatar.arablocal.com/business/category/industrial
2026-04-14 21:11:34,437 [INFO]   • Stores -> https://qatar.arablocal.com/business/category/stores
2026-04-14 21:11:34,437 [INFO]   • Contractors -> https://qatar.arablocal.com/business/category/contractors
2026-04-14 21:11:34,437 [INFO]   • Building -> https://qatar.arablocal.com/business/category/building
2026-04-14 21:11:34,437 [INFO]   • Banks -> https://qatar.arablocal.com/business/category/banks
2026-04-14 21:11:34,438 [INFO]   • Cars -> https://qatar.arablocal.com/business/category/cars
2026-04-14 21:11:34,438 [INFO]   • Accomodation -> https://qatar.arablocal.com/business/category/accomodation
2026-04-14 21:11:34,438 [INFO]   • Government -> https://qatar.arablocal.com/business/category/government
2026-04-14 21:11:34,438 [INFO]   • Furniture -> https://qatar.arablocal.com/business/category/furniture
2026-04-14 21:11:34,438 [INFO]   • Restaurants -> https://qatar.arablocal.com/business/category/restaurants
2026-04-14 21:11:34,438 [INFO]   • Logistics -> https://qatar.arablocal.com/business/category/logistics
2026-04-14 21:11:34,438 [INFO]   • Food B2B -> https://qatar.arablocal.com/business/category/food-b2b
2026-04-14 21:11:34,438 [INFO]   • Mosque -> https://qatar.arablocal.com/business/category/mosque
2026-04-14 21:11:34,438 [INFO]   • Atm -> https://qatar.arablocal.com/business/category/atm
2026-04-14 21:11:34,438 [INFO]   • Shopping -> https://qatar.arablocal.com/business/category/shopping
2026-04-14 21:11:34,438 [INFO]   • Education -> https://qatar.arablocal.com/business/category/education
2026-04-14 21:11:34,438 [INFO]   • Health Care -> https://qatar.arablocal.com/business/category/health-care
2026-04-14 21:11:34,438 [INFO]   • Schools  -> https://qatar.arablocal.com/business/category/schools-
2026-04-14 21:11:34,438 [INFO]   • Equipment Supplies -> https://qatar.arablocal.com/business/category/equipment-supplies
2026-04-14 21:11:34,438 [INFO]   • Advertising -> https://qatar.arablocal.com/business/category/advertising
2026-04-14 21:11:34,438 [INFO]   • Women Apparel -> https://qatar.arablocal.com/business/category/women-apparel
2026-04-14 21:11:34,438 [INFO]   • Companies Industries -> https://qatar.arablocal.com/business/category/companies-industries
2026-04-14 21:11:34,438 [INFO]   • Beauty And Personal Care -> https://qatar.arablocal.com/business/category/beauty-and-personal-care
2026-04-14 21:11:34,438 [INFO]   • Sports -> https://qatar.arablocal.com/business/category/sports
2026-04-14 21:11:34,438 [INFO]   • Doctors -> https://qatar.arablocal.com/business/category/doctors
2026-04-14 21:11:34,438 [INFO]   • Electrical -> https://qatar.arablocal.com/business/category/electrical
2026-04-14 21:11:34,438 [INFO]   • Oil Gas -> https://qatar.arablocal.com/business/category/oil-gas
2026-04-14 21:11:34,438 [INFO]   • Camps -> https://qatar.arablocal.com/business/category/camps
2026-04-14 21:11:34,438 [INFO]   • Air Conditioning -> https://qatar.arablocal.com/business/category/air-conditioning
2026-04-14 21:11:34,438 [INFO]   • Handy Man -> https://qatar.arablocal.com/business/category/handy-man
2026-04-14 21:11:34,438 [INFO]   • Construction -> https://qatar.arablocal.com/business/category/construction
2026-04-14 21:11:34,438 [INFO]   • Tailoring -> https://qatar.arablocal.com/business/category/tailoring
2026-04-14 21:11:34,438 [INFO]   • Printing Services -> https://qatar.arablocal.com/business/category/printing-services
2026-04-14 21:11:34,438 [INFO]   • Automotive -> https://qatar.arablocal.com/business/category/automotive
2026-04-14 21:11:34,438 [INFO]   • Jewellery -> https://qatar.arablocal.com/business/category/jewellery
2026-04-14 21:11:34,438 [INFO]   • Exchange -> https://qatar.arablocal.com/business/category/exchange
2026-04-14 21:11:34,438 [INFO]   • Services -> https://qatar.arablocal.com/business/category/services
2026-04-14 21:11:34,438 [INFO]   • Dealers Distributors Manufacturers -> https://qatar.arablocal.com/business/category/dealers-distributors-manufacturers
2026-04-14 21:11:34,438 [INFO]   • Travel -> https://qatar.arablocal.com/business/category/travel
2026-04-14 21:11:34,438 [INFO]   • Events -> https://qatar.arablocal.com/business/category/events
2026-04-14 21:11:34,439 [INFO]   • Butcheries Retail -> https://qatar.arablocal.com/business/category/butcheries-retail
2026-04-14 21:11:34,439 [INFO]   • Furniture B2B -> https://qatar.arablocal.com/business/category/furniture-b2b
2026-04-14 21:11:34,439 [INFO]   • Access Platform -> https://qatar.arablocal.com/business/category/access-platform
2026-04-14 21:11:34,439 [INFO]   • Accessory -> https://qatar.arablocal.com/business/category/accessory
2026-04-14 21:11:34,439 [INFO]   • Accounting -> https://qatar.arablocal.com/business/category/accounting
2026-04-14 21:11:34,439 [INFO]   • Acoustical Consultants -> https://qatar.arablocal.com/business/category/acoustical-consultants
2026-04-14 21:11:34,439 [INFO]   • Advertising Marketing Services -> https://qatar.arablocal.com/business/category/advertising-marketing-services
2026-04-14 21:11:34,439 [INFO]   • Aeronautic And Space  -> https://qatar.arablocal.com/business/category/aeronautic-and-space-
2026-04-14 21:11:34,439 [INFO]   • Agriculture Greenery -> https://qatar.arablocal.com/business/category/agriculture-greenery
2026-04-14 21:11:34,439 [INFO]   • Air Conditioning B2B -> https://qatar.arablocal.com/business/category/air-conditioning-b2b
2026-04-14 21:11:34,439 [INFO]   • Air Conditioning Repair Services -> https://qatar.arablocal.com/business/category/air-conditioning-repair-services
2026-04-14 21:11:34,439 [INFO]   • Aircraft -> https://qatar.arablocal.com/business/category/aircraft
2026-04-14 21:11:34,439 [INFO]   • Airlines -> https://qatar.arablocal.com/business/category/airlines
2026-04-14 21:11:34,439 [INFO]   • Airport Services -> https://qatar.arablocal.com/business/category/airport-services
2026-04-14 21:11:34,439 [INFO]   • Airports -> https://qatar.arablocal.com/business/category/airports
2026-04-14 21:11:34,439 [INFO]   • Aluminum Dealers Manufacturers -> https://qatar.arablocal.com/business/category/aluminum-dealers-manufacturers
2026-04-14 21:11:34,439 [INFO]   • Animal -> https://qatar.arablocal.com/business/category/animal
2026-04-14 21:11:34,439 [INFO]   • Antennas -> https://qatar.arablocal.com/business/category/antennas
2026-04-14 21:11:34,439 [INFO]   • Apparel -> https://qatar.arablocal.com/business/category/apparel
2026-04-14 21:11:34,439 [INFO]   • Apparel Wholesale Dealers Distributors And Manufacturers -> https://qatar.arablocal.com/business/category/apparel-wholesale-dealers-distributors-and-manufacturers
2026-04-14 21:11:34,439 [INFO]   • Aquariums Acrylic Basins Materials -> https://qatar.arablocal.com/business/category/aquariums-acrylic-basins-materials
2026-04-14 21:11:34,439 [INFO]   • Arabic Translation Services -> https://qatar.arablocal.com/business/category/arabic-translation-services
2026-04-14 21:11:34,439 [INFO]   • Art Metal Works Dealers  -> https://qatar.arablocal.com/business/category/art-metal-works-dealers-
2026-04-14 21:11:34,439 [INFO]   • Arts -> https://qatar.arablocal.com/business/category/arts
2026-04-14 21:11:34,439 [INFO]   • Audio Video Services -> https://qatar.arablocal.com/business/category/audio-video-services
2026-04-14 21:11:34,440 [INFO]   • Automation Systems -> https://qatar.arablocal.com/business/category/automation-systems
2026-04-14 21:11:34,440 [INFO]   • Aviation -> https://qatar.arablocal.com/business/category/aviation
2026-04-14 21:11:34,440 [INFO]   • Ayurveda -> https://qatar.arablocal.com/business/category/ayurveda
2026-04-14 21:11:34,440 [INFO]   • Bags Nylon Pvc Paper -> https://qatar.arablocal.com/business/category/bags-nylon-pvc-paper
2026-04-14 21:11:34,440 [INFO]   • Banquet Halls -> https://qatar.arablocal.com/business/category/banquet-halls
2026-04-14 21:11:34,440 [INFO]   • Barbers Equipment Supplies -> https://qatar.arablocal.com/business/category/barbers-equipment-supplies
2026-04-14 21:11:34,440 [INFO]   • Bathroom Accessories Cubicles -> https://qatar.arablocal.com/business/category/bathroom-accessories-cubicles
2026-04-14 21:11:34,440 [INFO]   • Bedding -> https://qatar.arablocal.com/business/category/bedding
2026-04-14 21:11:34,440 [INFO]   • Beekeepers -> https://qatar.arablocal.com/business/category/beekeepers
2026-04-14 21:11:34,440 [INFO]   • Bike -> https://qatar.arablocal.com/business/category/bike
2026-04-14 21:11:34,440 [INFO]   • Binding -> https://qatar.arablocal.com/business/category/binding
2026-04-14 21:11:34,440 [INFO]   • Birds -> https://qatar.arablocal.com/business/category/birds
2026-04-14 21:11:34,440 [INFO]   • Blasting Quarrying Contractors -> https://qatar.arablocal.com/business/category/blasting-quarrying-contractors
2026-04-14 21:11:34,440 [INFO]   • Boat -> https://qatar.arablocal.com/business/category/boat
2026-04-14 21:11:34,440 [INFO]   • Boilers -> https://qatar.arablocal.com/business/category/boilers
2026-04-14 21:11:34,440 [INFO]   • Botanical Gardens -> https://qatar.arablocal.com/business/category/botanical-gardens
2026-04-14 21:11:34,440 [INFO]   • Bottles Bottle Cap -> https://qatar.arablocal.com/business/category/bottles-bottle-cap
2026-04-14 21:11:34,440 [INFO]   • Boxes -> https://qatar.arablocal.com/business/category/boxes
2026-04-14 21:11:34,440 [INFO]   • Branch Of General Organization For Social Insurance -> https://qatar.arablocal.com/business/category/branch-of-general-organization-for-social-insurance
2026-04-14 21:11:34,440 [INFO]   • Briquettes -> https://qatar.arablocal.com/business/category/briquettes
2026-04-14 21:11:34,440 [INFO]   • Cabanas -> https://qatar.arablocal.com/business/category/cabanas
2026-04-14 21:11:34,440 [INFO]   • Cable -> https://qatar.arablocal.com/business/category/cable
2026-04-14 21:11:34,440 [INFO]   • Calibration Systems Services -> https://qatar.arablocal.com/business/category/calibration-systems-services
2026-04-14 21:11:34,440 [INFO]   • Cargo Services -> https://qatar.arablocal.com/business/category/cargo-services
2026-04-14 21:11:34,440 [INFO]   • Cemetery -> https://qatar.arablocal.com/business/category/cemetery
2026-04-14 21:11:34,440 [INFO]   • Certified Translators -> https://qatar.arablocal.com/business/category/certified-translators
2026-04-14 21:11:34,440 [INFO]   • Charity -> https://qatar.arablocal.com/business/category/charity
2026-04-14 21:11:34,440 [INFO]   • Chemicals -> https://qatar.arablocal.com/business/category/chemicals
2026-04-14 21:11:34,440 [INFO]   • Children Apparel -> https://qatar.arablocal.com/business/category/children-apparel
2026-04-14 21:11:34,440 [INFO]   • Church -> https://qatar.arablocal.com/business/category/church
2026-04-14 21:11:34,440 [INFO]   • Cleansers -> https://qatar.arablocal.com/business/category/cleansers
2026-04-14 21:11:34,440 [INFO]   • Clothing B2B -> https://qatar.arablocal.com/business/category/clothing-b2b
2026-04-14 21:11:34,440 [INFO]   • Club Room Equipment Services -> https://qatar.arablocal.com/business/category/club-room-equipment-services
2026-04-14 21:11:34,440 [INFO]   • Coffee Shop Equipment Accessories -> https://qatar.arablocal.com/business/category/coffee-shop-equipment-accessories
2026-04-14 21:11:34,440 [INFO]   • Coffee Shops -> https://qatar.arablocal.com/business/category/coffee-shops
2026-04-14 21:11:34,440 [INFO]   • Coins Tokens -> https://qatar.arablocal.com/business/category/coins-tokens
2026-04-14 21:11:34,440 [INFO]   • Commerce Industry -> https://qatar.arablocal.com/business/category/commerce-industry
2026-04-14 21:11:34,440 [INFO]   • Communication  -> https://qatar.arablocal.com/business/category/communication-
2026-04-14 21:11:34,440 [INFO]   • Computer -> https://qatar.arablocal.com/business/category/computer
2026-04-14 21:11:34,440 [INFO]   • Consultancy -> https://qatar.arablocal.com/business/category/consultancy
2026-04-14 21:11:34,440 [INFO]   • Consultants -> https://qatar.arablocal.com/business/category/consultants
2026-04-14 21:11:34,440 [INFO]   • Control System Regulators -> https://qatar.arablocal.com/business/category/control-system-regulators
2026-04-14 21:11:34,440 [INFO]   • Courier -> https://qatar.arablocal.com/business/category/courier
2026-04-14 21:11:34,440 [INFO]   • Credit Cards Companies Cheque Cashing Protection Section -> https://qatar.arablocal.com/business/category/credit-cards-companies-cheque-cashing-protection-section
2026-04-14 21:11:34,440 [INFO]   • Day Care  -> https://qatar.arablocal.com/business/category/day-care-
2026-04-14 21:11:34,440 [INFO]   • De Lamintation Services -> https://qatar.arablocal.com/business/category/de-lamintation-services
2026-04-14 21:11:34,440 [INFO]   • De Watering -> https://qatar.arablocal.com/business/category/de-watering
2026-04-14 21:11:34,440 [INFO]   • Decoration Contractors -> https://qatar.arablocal.com/business/category/decoration-contractors
2026-04-14 21:11:34,440 [INFO]   • Design -> https://qatar.arablocal.com/business/category/design
2026-04-14 21:11:34,440 [INFO]   • Design Installation -> https://qatar.arablocal.com/business/category/design-installation
2026-04-14 21:11:34,440 [INFO]   • Digital -> https://qatar.arablocal.com/business/category/digital
2026-04-14 21:11:34,440 [INFO]   • Drainage  -> https://qatar.arablocal.com/business/category/drainage-
2026-04-14 21:11:34,440 [INFO]   • Electrical B2B -> https://qatar.arablocal.com/business/category/electrical-b2b
2026-04-14 21:11:34,440 [INFO]   • Electro Mechanical  -> https://qatar.arablocal.com/business/category/electro-mechanical-
2026-04-14 21:11:34,440 [INFO]   • Electronics B2B -> https://qatar.arablocal.com/business/category/electronics-b2b
2026-04-14 21:11:34,440 [INFO]   • Embassies -> https://qatar.arablocal.com/business/category/embassies
2026-04-14 21:11:34,440 [INFO]   • Emergency -> https://qatar.arablocal.com/business/category/emergency
2026-04-14 21:11:34,440 [INFO]   • Entertainment -> https://qatar.arablocal.com/business/category/entertainment
2026-04-14 21:11:34,440 [INFO]   • Extreme Sports -> https://qatar.arablocal.com/business/category/extreme-sports
2026-04-14 21:11:34,440 [INFO]   • Fabric Dealers Distributors Manufacturers -> https://qatar.arablocal.com/business/category/fabric-dealers-distributors-manufacturers
2026-04-14 21:11:34,440 [INFO]   • Farms -> https://qatar.arablocal.com/business/category/farms
2026-04-14 21:11:34,440 [INFO]   • Fashion Designing Institutes -> https://qatar.arablocal.com/business/category/fashion-designing-institutes
2026-04-14 21:11:34,440 [INFO]   • Film Production -> https://qatar.arablocal.com/business/category/film-production
2026-04-14 21:11:34,440 [INFO]   • Filtering -> https://qatar.arablocal.com/business/category/filtering
2026-04-14 21:11:34,440 [INFO]   • Finance B2B -> https://qatar.arablocal.com/business/category/finance-b2b
2026-04-14 21:11:34,440 [INFO]   • Finance Companies -> https://qatar.arablocal.com/business/category/finance-companies
2026-04-14 21:11:34,441 [INFO]   • Fitness Equipment Suppliers -> https://qatar.arablocal.com/business/category/fitness-equipment-suppliers
2026-04-14 21:11:34,441 [INFO]   • Floors Ceilings -> https://qatar.arablocal.com/business/category/floors-ceilings
2026-04-14 21:11:34,441 [INFO]   • Florist -> https://qatar.arablocal.com/business/category/florist
2026-04-14 21:11:34,441 [INFO]   • Flowers -> https://qatar.arablocal.com/business/category/flowers
2026-04-14 21:11:34,441 [INFO]   • Footwear -> https://qatar.arablocal.com/business/category/footwear
2026-04-14 21:11:34,441 [INFO]   • Foundations -> https://qatar.arablocal.com/business/category/foundations
2026-04-14 21:11:34,441 [INFO]   • Fruits And Vegetables -> https://qatar.arablocal.com/business/category/fruits-and-vegetables
2026-04-14 21:11:34,441 [INFO]   • Fruits And Vegetables B2B -> https://qatar.arablocal.com/business/category/fruits-and-vegetables-b2b
2026-04-14 21:11:34,441 [INFO]   • Geography -> https://qatar.arablocal.com/business/category/geography
2026-04-14 21:11:34,441 [INFO]   • Gift Novelty -> https://qatar.arablocal.com/business/category/gift-novelty
2026-04-14 21:11:34,441 [INFO]   • Golf Equipment -> https://qatar.arablocal.com/business/category/golf-equipment
2026-04-14 21:11:34,441 [INFO]   • Hair Care -> https://qatar.arablocal.com/business/category/hair-care
2026-04-14 21:11:34,441 [INFO]   • Health Medical Care B2B -> https://qatar.arablocal.com/business/category/health-medical-care-b2b
2026-04-14 21:11:34,441 [INFO]   • Home Decor Stores -> https://qatar.arablocal.com/business/category/home-decor-stores
2026-04-14 21:11:34,441 [INFO]   • Hotels Resorts -> https://qatar.arablocal.com/business/category/hotels-resorts
2026-04-14 21:11:34,441 [INFO]   • Household  -> https://qatar.arablocal.com/business/category/household-
2026-04-14 21:11:34,441 [INFO]   • Import Export -> https://qatar.arablocal.com/business/category/import-export
2026-04-14 21:11:34,441 [INFO]   • Instrument And Instrumentation -> https://qatar.arablocal.com/business/category/instrument-and-instrumentation
2026-04-14 21:11:34,441 [INFO]   • Insurance -> https://qatar.arablocal.com/business/category/insurance
2026-04-14 21:11:34,441 [INFO]   • Internet -> https://qatar.arablocal.com/business/category/internet
2026-04-14 21:11:34,441 [INFO]   • Jet Ski Equipment Dealers -> https://qatar.arablocal.com/business/category/jet-ski-equipment-dealers
2026-04-14 21:11:34,441 [INFO]   • Jobs -> https://qatar.arablocal.com/business/category/jobs
2026-04-14 21:11:34,441 [INFO]   • Kitchen Equipment Suppliers -> https://qatar.arablocal.com/business/category/kitchen-equipment-suppliers
2026-04-14 21:11:34,441 [INFO]   • Laboratories -> https://qatar.arablocal.com/business/category/laboratories
2026-04-14 21:11:34,441 [INFO]   • Legal -> https://qatar.arablocal.com/business/category/legal
2026-04-14 21:11:34,441 [INFO]   • Liquor -> https://qatar.arablocal.com/business/category/liquor
2026-04-14 21:11:34,441 [INFO]   • Live Stock -> https://qatar.arablocal.com/business/category/live-stock
2026-04-14 21:11:34,441 [INFO]   • Logistic Services -> https://qatar.arablocal.com/business/category/logistic-services
2026-04-14 21:11:34,441 [INFO]   • Marine Shipping -> https://qatar.arablocal.com/business/category/marine-shipping
2026-04-14 21:11:34,441 [INFO]   • Men Apparel -> https://qatar.arablocal.com/business/category/men-apparel
2026-04-14 21:11:34,441 [INFO]   • Mobile -> https://qatar.arablocal.com/business/category/mobile
2026-04-14 21:11:34,441 [INFO]   • Navy -> https://qatar.arablocal.com/business/category/navy
2026-04-14 21:11:34,441 [INFO]   • Organizations -> https://qatar.arablocal.com/business/category/organizations
2026-04-14 21:11:34,441 [INFO]   • Outdoor Decorators -> https://qatar.arablocal.com/business/category/outdoor-decorators
2026-04-14 21:11:34,441 [INFO]   • Packaging Machinery -> https://qatar.arablocal.com/business/category/packaging-machinery
2026-04-14 21:11:34,441 [INFO]   • Paints -> https://qatar.arablocal.com/business/category/paints
2026-04-14 21:11:34,441 [INFO]   • Paper Products Dealers Distributors Manufacturers -> https://qatar.arablocal.com/business/category/paper-products-dealers-distributors-manufacturers
2026-04-14 21:11:34,441 [INFO]   • Personal Care Products B2B -> https://qatar.arablocal.com/business/category/personal-care-products-b2b
2026-04-14 21:11:34,441 [INFO]   • Petrol Pump -> https://qatar.arablocal.com/business/category/petrol-pump
2026-04-14 21:11:34,441 [INFO]   • Pets -> https://qatar.arablocal.com/business/category/pets
2026-04-14 21:11:34,441 [INFO]   • Photography -> https://qatar.arablocal.com/business/category/photography
2026-04-14 21:11:34,441 [INFO]   • Plastics Plastic Products Supplies -> https://qatar.arablocal.com/business/category/plastics-plastic-products-supplies
2026-04-14 21:11:34,441 [INFO]   • Plumbing -> https://qatar.arablocal.com/business/category/plumbing
2026-04-14 21:11:34,441 [INFO]   • Product Dealers Distributors -> https://qatar.arablocal.com/business/category/product-dealers-distributors
2026-04-14 21:11:34,441 [INFO]   • Public Postal Services -> https://qatar.arablocal.com/business/category/public-postal-services
2026-04-14 21:11:34,441 [INFO]   • Real Estate -> https://qatar.arablocal.com/business/category/real-estate
2026-04-14 21:11:34,441 [INFO]   • Relocation Services -> https://qatar.arablocal.com/business/category/relocation-services
2026-04-14 21:11:34,441 [INFO]   • Repairs -> https://qatar.arablocal.com/business/category/repairs
2026-04-14 21:11:34,441 [INFO]   • Research Analysis -> https://qatar.arablocal.com/business/category/research-analysis
2026-04-14 21:11:34,442 [INFO]   • Safety  -> https://qatar.arablocal.com/business/category/safety-
2026-04-14 21:11:34,442 [INFO]   • Security -> https://qatar.arablocal.com/business/category/security
2026-04-14 21:11:34,442 [INFO]   • Services B2B -> https://qatar.arablocal.com/business/category/services-b2b
2026-04-14 21:11:34,442 [INFO]   • Shisha -> https://qatar.arablocal.com/business/category/shisha
2026-04-14 21:11:34,442 [INFO]   • Stationery -> https://qatar.arablocal.com/business/category/stationery
2026-04-14 21:11:34,442 [INFO]   • Tailoring Equipment Accessories Dealers Distributors Manufacturers -> https://qatar.arablocal.com/business/category/tailoring-equipment-accessories-dealers-distributors-manufacturers
2026-04-14 21:11:34,442 [INFO]   • Taxi -> https://qatar.arablocal.com/business/category/taxi
2026-04-14 21:11:34,442 [INFO]   • Technology -> https://qatar.arablocal.com/business/category/technology
2026-04-14 21:11:34,442 [INFO]   • Temples -> https://qatar.arablocal.com/business/category/temples
2026-04-14 21:11:34,442 [INFO]   • Tourist Attractions -> https://qatar.arablocal.com/business/category/tourist-attractions
2026-04-14 21:11:34,442 [INFO]   • Traffic Sign Board Dealers -> https://qatar.arablocal.com/business/category/traffic-sign-board-dealers
2026-04-14 21:11:34,442 [INFO]   • Training -> https://qatar.arablocal.com/business/category/training
2026-04-14 21:11:34,442 [INFO]   • Transport -> https://qatar.arablocal.com/business/category/transport
2026-04-14 21:11:34,442 [INFO]   • Universities -> https://qatar.arablocal.com/business/category/universities
2026-04-14 21:11:34,442 [INFO]   • Vehicles -> https://qatar.arablocal.com/business/category/vehicles
2026-04-14 21:11:34,442 [INFO]   • Waste Disposal Service -> https://qatar.arablocal.com/business/category/waste-disposal-service
2026-04-14 21:11:34,442 [INFO]   • Water Treatment Equipment. Services Supplies -> https://qatar.arablocal.com/business/category/water-treatment-equipment.-services-supplies
2026-04-14 21:11:34,442 [INFO]   • Wedding -> https://qatar.arablocal.com/business/category/wedding
2026-04-14 21:11:34,442 [INFO]   • Wood Products -> https://qatar.arablocal.com/business/category/wood-products
2026-04-14 21:11:34,452 [INFO] [L1] health-care page 1: https://qatar.arablocal.com/business/category/health-care
2026-04-14 21:11:38,728 [INFO] [L1] Found 20 links, 20 new (skipped 0 existing)
2026-04-14 21:11:38,742 [INFO] [L1] health-care page 1: https://qatar.arablocal.com/business/category/health-care/page:2
2026-04-14 21:11:41,246 [INFO] [L2] #1 arablocal.com | 520: Web server is returning an unknown error — https://qatar.arablocal.com/business/view/kuwari-optics
2026-04-14 21:11:43,766 [INFO] [L2] #2 arablocal.com | 520: Web server is returning an unknown error — https://qatar.arablocal.com/business/view/doha-drug-store
2026-04-14 21:11:43,850 [INFO] [L1] Found 20 links, 20 new (skipped 0 existing)
2026-04-14 21:11:43,885 [INFO] [L1] health-care page 1: https://qatar.arablocal.com/business/category/health-care/page:3
2026-04-14 21:11:45,481 [INFO] [L2] #3 arablocal.com | 520: Web server is returning an unknown error — https://qatar.arablocal.com/business/view/lusail-medical-center
2026-04-14 21:11:45,645 [INFO] [L2] #4 arablocal.com | 520: Web server is returning an unknown error — https://qatar.arablocal.com/business/view/qatar-armed-forces-medical-services
2026-04-14 21:11:46,502 [INFO] [L2] #5 Physiotherapy Bin Omran — https://qatar.arablocal.com/business/view/physiotherapy-bin-omran
2026-04-14 21:11:46,588 [INFO] [L2] #6 Kuwari Optics Al Khor — https://qatar.arablocal.com/business/view/kuwari-optics-al-khor
2026-04-14 21:11:46,640 [INFO] [L2] #7 European For Medical Equipment And Services — https://qatar.arablocal.com/business/view/european-for-medical-equipment-and-services
2026-04-14 21:11:47,093 [INFO] [L2] #8 Clinic Dr Ghazi Skin And Venereal — https://qatar.arablocal.com/business/view/clinic-dr-ghazi-skin-and-venereal
2026-04-14 21:11:47,693 [INFO] [L2] #9 Damascene Medical Center — https://qatar.arablocal.com/business/view/damascene-medical-center
2026-04-14 21:11:47,727 [INFO] [L2] #10 Al Salam Medical Center Ein Khaled Branch — https://qatar.arablocal.com/business/view/al-salam-medical-center-ein-khaled-branch
2026-04-14 21:11:48,210 [INFO] [L2] #11 arablocal.com | 520: Web server is returning an unknown error — https://qatar.arablocal.com/business/view/al-jazeera-medical-centre-mauither-branch
2026-04-14 21:11:48,369 [INFO] [L2] #12 arablocal.com | 520: Web server is returning an unknown error — https://qatar.arablocal.com/business/view/dr-muhannad-children-s-clinic
2026-04-14 21:11:48,418 [INFO] [L1] Found 20 links, 20 new (skipped 0 existing)
2026-04-14 21:11:48,434 [INFO] [L1] health-care page 1: https://qatar.arablocal.com/business/category/health-care/page:4
2026-04-14 21:11:48,465 [INFO] [L2] #13 arablocal.com | 520: Web server is returning an unknown error — https://qatar.arablocal.com/business/view/kings-dental-center-asian-town
2026-04-14 21:11:49,373 [INFO] [L2] #14 arablocal.com | 520: Web server is returning an unknown error — https://qatar.arablocal.com/business/view/24-hours-pharmacies-in-qatar
2026-04-14 21:11:50,998 [INFO] [L2] #15 arablocal.com | 520: Web server is returning an unknown error — https://qatar.arablocal.com/business/view/kulud-al-sadd-pharmacy
2026-04-14 21:11:51,052 [INFO] [L2] #16 arablocal.com | 520: Web server is returning an unknown error — https://qatar.arablocal.com/business/view/hmc-staff-clinic
2026-04-14 21:11:51,174 [INFO] [L2] #17 arablocal.com | 520: Web server is returning an unknown error — https://qatar.arablocal.com/business/view/pearl-medical-center
2026-04-14 21:11:53,184 [INFO] [L2] #18 City Medical Center Al Maamoura Doha — https://qatar.arablocal.com/business/view/city-medical-center-al-maamoura-doha
2026-04-14 21:11:53,826 [INFO] [L2] #19 arablocal.com | 520: Web server is returning an unknown error — https://qatar.arablocal.com/business/view/al-dousari-veterinary-services-and-agriculture-co-ar-rayyan
2026-04-14 21:11:53,856 [INFO] [L2] #20 Kulud Pharmacy Hamad International airport Doha — https://qatar.arablocal.com/business/view/kulud-pharmacy-hamad-international-airport-doha
2026-04-14 21:11:53,860 [INFO] [limit] Reached 20/20 — shutting down producers
2026-04-14 21:11:53,861 [INFO] [L1] Found 1 links, 1 new (skipped 0 existing)
2026-04-14 21:11:53,877 [INFO] [L1] Total URLs queued for health-care: 61
2026-04-14 21:11:53,914 [INFO] [L2] #21 arablocal.com | 520: Web server is returning an unknown error — https://qatar.arablocal.com/business/view/ebn-sina-pharmacy-msheireb
2026-04-14 21:11:55,073 [INFO] [L2] #22 Al Dafna Medical Center — https://qatar.arablocal.com/business/view/al-dafna-medical-center
2026-04-14 21:11:55,227 [INFO] [L2] #23 arablocal.com | 520: Web server is returning an unknown error — https://qatar.arablocal.com/business/view/family-medical-polyclinic-al-aziziyah
2026-04-14 21:11:56,197 [INFO] [L2] #24 Beauty Clinic By Turkish Hospital — https://qatar.arablocal.com/business/view/beauty-clinic-by-turkish-hospital
2026-04-14 21:11:57,578 [INFO] [L2] #25 Al Hekma Medical Center — https://qatar.arablocal.com/business/view/al-hekma-medical-center
2026-04-14 21:11:58,319 [INFO] [L2] #26 Aljazeera Medical center Abusidra Branch — https://qatar.arablocal.com/business/view/aljazeera-medical-center-abusidra-branch
2026-04-14 21:11:58,753 [INFO] [session] Browser session closed
