2026-04-14 20:36:02,136 [INFO] Engine [kw] initialized: base=https://kuwaitlocal.com, concurrency=9, proxies=0, limit=3
2026-04-14 20:36:02,149 [INFO] [L0-KW] Discovering categories from https://kuwaitlocal.com/business/categories
2026-04-14 20:36:04,226 [INFO] [session] Stealth browser session started (page pool)
2026-04-14 20:36:06,235 [INFO] [L0-KW] Found 118 raw category hrefs
2026-04-14 20:36:07,878 [INFO] [L0-KW] Found 114 categories
2026-04-14 20:36:07,879 [INFO]   . Hajj Omra Services -> https://kuwaitlocal.com/business/categories/hajj-omra-services
2026-04-14 20:36:07,881 [INFO]   . Cinemas -> https://kuwaitlocal.com/business/categories/cinemas
2026-04-14 20:36:07,883 [INFO]   . Indian Restaurants -> https://kuwaitlocal.com/business/categories/indian-restaurants
2026-04-14 20:36:07,884 [INFO]   . Men Massage Parlors -> https://kuwaitlocal.com/business/categories/men-massage-parlors
2026-04-14 20:36:07,885 [INFO]   . Accessories Shopping -> https://kuwaitlocal.com/business/categories/accessories-shopping
2026-04-14 20:36:07,886 [INFO]   . Adventure Sport -> https://kuwaitlocal.com/business/categories/adventure-sport
2026-04-14 20:36:07,887 [INFO]   . Advertising Marketing Services -> https://kuwaitlocal.com/business/categories/advertising-marketing-services
2026-04-14 20:36:07,888 [INFO]   . Agriculture -> https://kuwaitlocal.com/business/categories/agriculture
2026-04-14 20:36:07,888 [INFO]   . Air Conditioning -> https://kuwaitlocal.com/business/categories/air-conditioning
2026-04-14 20:36:07,889 [INFO]   . Air Conditioning Repair Services -> https://kuwaitlocal.com/business/categories/air-conditioning-repair-services
2026-04-14 20:36:07,891 [INFO]   . Apparel Shopping -> https://kuwaitlocal.com/business/categories/apparel-shopping
2026-04-14 20:36:07,892 [INFO]   . Arabic Translation Services -> https://kuwaitlocal.com/business/categories/arabic-translation-services
2026-04-14 20:36:07,892 [INFO]   . Arts -> https://kuwaitlocal.com/business/categories/arts
2026-04-14 20:36:07,893 [INFO]   . Atm -> https://kuwaitlocal.com/business/categories/atm
2026-04-14 20:36:07,894 [INFO]   . Automotive -> https://kuwaitlocal.com/business/categories/automotive
2026-04-14 20:36:07,895 [INFO]   . Ayurveda -> https://kuwaitlocal.com/business/categories/ayurveda
2026-04-14 20:36:07,896 [INFO]   . B2B Services -> https://kuwaitlocal.com/business/categories/b2b-services
2026-04-14 20:36:07,897 [INFO]   . Baking -> https://kuwaitlocal.com/business/categories/baking
2026-04-14 20:36:07,898 [INFO]   . Banks -> https://kuwaitlocal.com/business/categories/banks
2026-04-14 20:36:07,899 [INFO]   . Beauty Personal Care -> https://kuwaitlocal.com/business/categories/beauty-personal-care
2026-04-14 20:36:07,899 [INFO]   . Bikes -> https://kuwaitlocal.com/business/categories/bikes
2026-04-14 20:36:07,900 [INFO]   . Boats -> https://kuwaitlocal.com/business/categories/boats
2026-04-14 20:36:07,900 [INFO]   . Business B2B -> https://kuwaitlocal.com/business/categories/business-b2b
2026-04-14 20:36:07,901 [INFO]   . Car Towing Services -> https://kuwaitlocal.com/business/categories/car-towing-services
2026-04-14 20:36:07,902 [INFO]   . Cargo Services -> https://kuwaitlocal.com/business/categories/cargo-services
2026-04-14 20:36:07,903 [INFO]   . Cars -> https://kuwaitlocal.com/business/categories/cars
2026-04-14 20:36:07,903 [INFO]   . Certified Translators -> https://kuwaitlocal.com/business/categories/certified-translators
2026-04-14 20:36:07,905 [INFO]   . Chaletrentals -> https://kuwaitlocal.com/business/categories/chaletrentals
2026-04-14 20:36:07,906 [INFO]   . Church -> https://kuwaitlocal.com/business/categories/church
2026-04-14 20:36:07,906 [INFO]   . Cloth Shopping -> https://kuwaitlocal.com/business/categories/cloth-shopping
2026-04-14 20:36:07,907 [INFO]   . Coffee Shops -> https://kuwaitlocal.com/business/categories/coffee-shops
2026-04-14 20:36:07,908 [INFO]   . Communication -> https://kuwaitlocal.com/business/categories/communication
2026-04-14 20:36:07,909 [INFO]   . Companies & Industries -> https://kuwaitlocal.com/business/categories/companies-&-industries
2026-04-14 20:36:07,910 [INFO]   . Computer -> https://kuwaitlocal.com/business/categories/computer
2026-04-14 20:36:07,911 [INFO]   . Construction Company -> https://kuwaitlocal.com/business/categories/construction-company
2026-04-14 20:36:07,912 [INFO]   . Consultancy Services -> https://kuwaitlocal.com/business/categories/consultancy-services
2026-04-14 20:36:07,914 [INFO]   . Contractor -> https://kuwaitlocal.com/business/categories/contractor
2026-04-14 20:36:07,914 [INFO]   . Courier -> https://kuwaitlocal.com/business/categories/courier
2026-04-14 20:36:07,915 [INFO]   . Courier Services Domestic -> https://kuwaitlocal.com/business/categories/courier-services-domestic
2026-04-14 20:36:07,916 [INFO]   . Day Care -> https://kuwaitlocal.com/business/categories/day-care
2026-04-14 20:36:07,916 [INFO]   . De Lamintation Services -> https://kuwaitlocal.com/business/categories/de-lamintation-services
2026-04-14 20:36:07,918 [INFO]   . Dealers Distributors Manufacturers -> https://kuwaitlocal.com/business/categories/dealers-distributors-manufacturers
2026-04-14 20:36:07,919 [INFO]   . Doctor -> https://kuwaitlocal.com/business/categories/doctor
2026-04-14 20:36:07,919 [INFO]   . Education -> https://kuwaitlocal.com/business/categories/education
2026-04-14 20:36:07,920 [INFO]   . Electrical -> https://kuwaitlocal.com/business/categories/electrical
2026-04-14 20:36:07,922 [INFO]   . Electrical Companies B2B -> https://kuwaitlocal.com/business/categories/electrical-companies-b2b
2026-04-14 20:36:07,923 [INFO]   . Electronics -> https://kuwaitlocal.com/business/categories/electronics
2026-04-14 20:36:07,924 [INFO]   . Electronics Companies B2B -> https://kuwaitlocal.com/business/categories/electronics-companies-b2b
2026-04-14 20:36:07,925 [INFO]   . Emergency -> https://kuwaitlocal.com/business/categories/emergency
2026-04-14 20:36:07,926 [INFO]   . Entertainment -> https://kuwaitlocal.com/business/categories/entertainment
2026-04-14 20:36:07,926 [INFO]   . Equipment And Supplies -> https://kuwaitlocal.com/business/categories/equipment-and-supplies
2026-04-14 20:36:07,927 [INFO]   . Event -> https://kuwaitlocal.com/business/categories/event
2026-04-14 20:36:07,927 [INFO]   . Exchange -> https://kuwaitlocal.com/business/categories/exchange
2026-04-14 20:36:07,928 [INFO]   . Film Production -> https://kuwaitlocal.com/business/categories/film-production
2026-04-14 20:36:07,929 [INFO]   . Finance Companies B2B -> https://kuwaitlocal.com/business/categories/finance-companies-b2b
2026-04-14 20:36:07,931 [INFO]   . Finance Company -> https://kuwaitlocal.com/business/categories/finance-company
2026-04-14 20:36:07,932 [INFO]   . Florist -> https://kuwaitlocal.com/business/categories/florist
2026-04-14 20:36:07,932 [INFO]   . Food -> https://kuwaitlocal.com/business/categories/food
2026-04-14 20:36:07,933 [INFO]   . Food Companies B2B -> https://kuwaitlocal.com/business/categories/food-companies-b2b
2026-04-14 20:36:07,933 [INFO]   . Footwear Kuwait -> https://kuwaitlocal.com/business/categories/footwear-kuwait
2026-04-14 20:36:07,935 [INFO]   . Footwear Shopping -> https://kuwaitlocal.com/business/categories/footwear-shopping
2026-04-14 20:36:07,935 [INFO]   . Furniture -> https://kuwaitlocal.com/business/categories/furniture
2026-04-14 20:36:07,936 [INFO]   . Furniture Companies B2B -> https://kuwaitlocal.com/business/categories/furniture-companies-b2b
2026-04-14 20:36:07,937 [INFO]   . Government -> https://kuwaitlocal.com/business/categories/government
2026-04-14 20:36:07,938 [INFO]   . Handy Man -> https://kuwaitlocal.com/business/categories/handy-man
2026-04-14 20:36:07,939 [INFO]   . Health And Medical Care B2B -> https://kuwaitlocal.com/business/categories/health-and-medical-care-b2b
2026-04-14 20:36:07,940 [INFO]   . Health Care -> https://kuwaitlocal.com/business/categories/health-care
2026-04-14 20:36:07,940 [INFO]   . Hospitals And Clinics -> https://kuwaitlocal.com/business/categories/hospitals-and-clinics
2026-04-14 20:36:07,941 [INFO]   . Hotels Resorts -> https://kuwaitlocal.com/business/categories/hotels-resorts
2026-04-14 20:36:07,941 [INFO]   . Import And Export -> https://kuwaitlocal.com/business/categories/import-and-export
2026-04-14 20:36:07,942 [INFO]   . Industries -> https://kuwaitlocal.com/business/categories/industries
2026-04-14 20:36:07,943 [INFO]   . Insurance -> https://kuwaitlocal.com/business/categories/insurance
2026-04-14 20:36:07,943 [INFO]   . Internet Service Providers -> https://kuwaitlocal.com/business/categories/internet-service-providers
2026-04-14 20:36:07,945 [INFO]   . Jewellery -> https://kuwaitlocal.com/business/categories/jewellery
2026-04-14 20:36:07,946 [INFO]   . Jobs -> https://kuwaitlocal.com/business/categories/jobs
2026-04-14 20:36:07,947 [INFO]   . Legal -> https://kuwaitlocal.com/business/categories/legal
2026-04-14 20:36:07,947 [INFO]   . Live Stock -> https://kuwaitlocal.com/business/categories/live-stock
2026-04-14 20:36:07,948 [INFO]   . Logistic Service -> https://kuwaitlocal.com/business/categories/logistic-service
2026-04-14 20:36:07,949 [INFO]   . Logistic Services -> https://kuwaitlocal.com/business/categories/logistic-services
2026-04-14 20:36:07,950 [INFO]   . Marine And Shipping -> https://kuwaitlocal.com/business/categories/marine-and-shipping
2026-04-14 20:36:07,951 [INFO]   . Medical Care Companies -> https://kuwaitlocal.com/business/categories/medical-care-companies
2026-04-14 20:36:07,951 [INFO]   . Mobile -> https://kuwaitlocal.com/business/categories/mobile
2026-04-14 20:36:07,952 [INFO]   . Mosque -> https://kuwaitlocal.com/business/categories/mosque
2026-04-14 20:36:07,953 [INFO]   . Oil And Gas -> https://kuwaitlocal.com/business/categories/oil-and-gas
2026-04-14 20:36:07,953 [INFO]   . Paints -> https://kuwaitlocal.com/business/categories/paints
2026-04-14 20:36:07,955 [INFO]   . Payment Gateway Solutions -> https://kuwaitlocal.com/business/categories/payment-gateway-solutions
2026-04-14 20:36:07,956 [INFO]   . Personal Care Products -> https://kuwaitlocal.com/business/categories/personal-care-products
2026-04-14 20:36:07,956 [INFO]   . Petrol Pump -> https://kuwaitlocal.com/business/categories/petrol-pump
2026-04-14 20:36:07,957 [INFO]   . Pets -> https://kuwaitlocal.com/business/categories/pets
2026-04-14 20:36:07,958 [INFO]   . Photography -> https://kuwaitlocal.com/business/categories/photography
2026-04-14 20:36:07,959 [INFO]   . Pizza -> https://kuwaitlocal.com/business/categories/pizza
2026-04-14 20:36:07,959 [INFO]   . Printing Services -> https://kuwaitlocal.com/business/categories/printing-services
2026-04-14 20:36:07,960 [INFO]   . Product Dealers Distributors -> https://kuwaitlocal.com/business/categories/product-dealers-distributors
2026-04-14 20:36:07,961 [INFO]   . Real Estate -> https://kuwaitlocal.com/business/categories/real-estate
2026-04-14 20:36:07,962 [INFO]   . Relocation Services -> https://kuwaitlocal.com/business/categories/relocation-services
2026-04-14 20:36:07,963 [INFO]   . Repairs -> https://kuwaitlocal.com/business/categories/repairs
2026-04-14 20:36:07,963 [INFO]   . Restaurants -> https://kuwaitlocal.com/business/categories/restaurants
2026-04-14 20:36:07,965 [INFO]   . School -> https://kuwaitlocal.com/business/categories/school
2026-04-14 20:36:07,965 [INFO]   . Security -> https://kuwaitlocal.com/business/categories/security
2026-04-14 20:36:07,966 [INFO]   . Service Providers -> https://kuwaitlocal.com/business/categories/service-providers
2026-04-14 20:36:07,967 [INFO]   . Services -> https://kuwaitlocal.com/business/categories/services
2026-04-14 20:36:07,968 [INFO]   . Sheesha -> https://kuwaitlocal.com/business/categories/sheesha
2026-04-14 20:36:07,969 [INFO]   . Shopping -> https://kuwaitlocal.com/business/categories/shopping
2026-04-14 20:36:07,969 [INFO]   . Social Servicing -> https://kuwaitlocal.com/business/categories/social-servicing
2026-04-14 20:36:07,970 [INFO]   . Spa -> https://kuwaitlocal.com/business/categories/spa
2026-04-14 20:36:07,971 [INFO]   . Sports -> https://kuwaitlocal.com/business/categories/sports
2026-04-14 20:36:07,972 [INFO]   . Stores -> https://kuwaitlocal.com/business/categories/stores
2026-04-14 20:36:07,973 [INFO]   . Tailoring -> https://kuwaitlocal.com/business/categories/tailoring
2026-04-14 20:36:07,973 [INFO]   . Taxi -> https://kuwaitlocal.com/business/categories/taxi
2026-04-14 20:36:07,975 [INFO]   . Technology Companies -> https://kuwaitlocal.com/business/categories/technology-companies
2026-04-14 20:36:07,975 [INFO]   . Trainings -> https://kuwaitlocal.com/business/categories/trainings
2026-04-14 20:36:07,976 [INFO]   . Transport -> https://kuwaitlocal.com/business/categories/transport
2026-04-14 20:36:07,977 [INFO]   . Travel -> https://kuwaitlocal.com/business/categories/travel
2026-04-14 20:36:07,978 [INFO]   . Wedding -> https://kuwaitlocal.com/business/categories/wedding
2026-04-14 20:36:07,986 [INFO] [L1-KW] restaurants: https://kuwaitlocal.com/business/categories/restaurants
2026-04-14 20:36:10,812 [INFO] [L1-KW] restaurants: total=4612, initial=12
2026-04-14 20:36:10,818 [INFO] [L1-KW] restaurants: page 1 -> 12 links, 12 new
2026-04-14 20:36:12,509 [INFO] [L1-KW] restaurants: AJAX page 2 -> 12 links, 12 new
2026-04-14 20:36:13,153 [INFO] [L2] #1 Afandem — https://kuwaitlocal.com/business/afandem
2026-04-14 20:36:13,491 [INFO] [L2] #2 Ashas Marina Crescent — https://kuwaitlocal.com/business/ashas-marina-crescent
2026-04-14 20:36:14,152 [INFO] [L1-KW] restaurants: AJAX page 3 -> 12 links, 12 new
2026-04-14 20:36:14,230 [INFO] [L2] #3 Applebees The Avenues Mall — https://kuwaitlocal.com/business/applebees-the-avenues-mall
2026-04-14 20:36:14,233 [INFO] [limit] Reached 3/3 — shutting down producers
2026-04-14 20:36:14,273 [INFO] [L2] #4 Altro Level - Abu Hasaniya — https://kuwaitlocal.com/business/altro-level-abu-hasaniya
2026-04-14 20:36:14,795 [INFO] [L2] #5 Applebees Fintas — https://kuwaitlocal.com/business/applebees-fintas
2026-04-14 20:36:14,879 [INFO] [L1-KW] restaurants: AJAX page 4 -> 12 links, 1 new
2026-04-14 20:36:14,881 [INFO] [L1-KW] restaurants: TOTAL 37 new URLs queued (from 48 found)
2026-04-14 20:36:15,018 [INFO] [L2] #6 Applebees Bneid Al Gar — https://kuwaitlocal.com/business/applebees-bneid-al-gar
2026-04-14 20:36:15,043 [INFO] [L2] #7 10.oh.8 - Sharq — https://kuwaitlocal.com/business/10-oh-8-sharq
2026-04-14 20:36:15,211 [INFO] [L2] #8 10.oh.8 - Awtad Mall — https://kuwaitlocal.com/business/10-oh-8-awtad-mall
2026-04-14 20:36:15,469 [INFO] [L2] #9 Applebees Mishref — https://kuwaitlocal.com/business/applebees-mishref
2026-04-14 20:36:15,661 [INFO] [L2] #10 Am Darweesh - Hawally — https://kuwaitlocal.com/business/am-darweesh-hawally
2026-04-14 20:36:15,827 [INFO] [L2] #11 Applebees Souk Sharq Mall — https://kuwaitlocal.com/business/applebees-souk-sharq-mall
2026-04-14 20:36:16,108 [INFO] [session] Browser session closed
