2026-04-14 21:32:32,566 [INFO] Engine [om] initialized: base=https://oman.arablocal.com, concurrency=9, proxies=0, limit=20
2026-04-14 21:32:32,586 [INFO] [L0] Discovering categories from https://oman.arablocal.com/business
2026-04-14 21:32:34,679 [INFO] [session] Stealth browser session started (page pool)
2026-04-14 21:32:39,890 [INFO] [L0] Found 252 raw category hrefs
2026-04-14 21:32:42,972 [INFO] [L0] Found 215 categories
2026-04-14 21:32:42,972 [INFO]   • Industrial -> https://oman.arablocal.com/business/category/industrial
2026-04-14 21:32:42,972 [INFO]   • Food -> https://oman.arablocal.com/business/category/food
2026-04-14 21:32:42,972 [INFO]   • Cars -> https://oman.arablocal.com/business/category/cars
2026-04-14 21:32:42,972 [INFO]   • Plastics & Plastic Products,Supplies -> https://oman.arablocal.com/business/category/plastics-%26-plastic-products%2Csupplies
2026-04-14 21:32:42,973 [INFO]   • Construction -> https://oman.arablocal.com/business/category/construction
2026-04-14 21:32:42,973 [INFO]   • Restaurants -> https://oman.arablocal.com/business/category/restaurants
2026-04-14 21:32:42,973 [INFO]   • Building -> https://oman.arablocal.com/business/category/building
2026-04-14 21:32:42,973 [INFO]   • Business B2B -> https://oman.arablocal.com/business/category/business-b2b
2026-04-14 21:32:42,973 [INFO]   • Contractors -> https://oman.arablocal.com/business/category/contractors
2026-04-14 21:32:42,973 [INFO]   • Electrical -> https://oman.arablocal.com/business/category/electrical
2026-04-14 21:32:42,973 [INFO]   • Oil & Gas -> https://oman.arablocal.com/business/category/oil-%26-gas
2026-04-14 21:32:42,973 [INFO]   • Real Estate -> https://oman.arablocal.com/business/category/real-estate
2026-04-14 21:32:42,973 [INFO]   • Import & Export -> https://oman.arablocal.com/business/category/import-%26-export
2026-04-14 21:32:42,973 [INFO]   • Beauty And Personal Care -> https://oman.arablocal.com/business/category/beauty-and-personal-care
2026-04-14 21:32:42,973 [INFO]   • Food B2B -> https://oman.arablocal.com/business/category/food-b2b
2026-04-14 21:32:42,973 [INFO]   • Hotels & Resorts -> https://oman.arablocal.com/business/category/hotels-%26-resorts
2026-04-14 21:32:42,973 [INFO]   • Hospitals & Clinics -> https://oman.arablocal.com/business/category/hospitals-%26-clinics
2026-04-14 21:32:42,973 [INFO]   • Health Care -> https://oman.arablocal.com/business/category/health-care
2026-04-14 21:32:42,973 [INFO]   • Services -> https://oman.arablocal.com/business/category/services
2026-04-14 21:32:42,973 [INFO]   • Banks -> https://oman.arablocal.com/business/category/banks
2026-04-14 21:32:42,973 [INFO]   • Travel -> https://oman.arablocal.com/business/category/travel
2026-04-14 21:32:42,973 [INFO]   • Jewellery -> https://oman.arablocal.com/business/category/jewellery
2026-04-14 21:32:42,973 [INFO]   • Equipment & Supplies -> https://oman.arablocal.com/business/category/equipment-%26-supplies
2026-04-14 21:32:42,973 [INFO]   • Automotive -> https://oman.arablocal.com/business/category/automotive
2026-04-14 21:32:42,973 [INFO]   • Stores -> https://oman.arablocal.com/business/category/stores
2026-04-14 21:32:42,973 [INFO]   • Furniture -> https://oman.arablocal.com/business/category/furniture
2026-04-14 21:32:42,973 [INFO]   • Paints -> https://oman.arablocal.com/business/category/paints
2026-04-14 21:32:42,973 [INFO]   • Handy Man -> https://oman.arablocal.com/business/category/handy-man
2026-04-14 21:32:42,973 [INFO]   • Transport -> https://oman.arablocal.com/business/category/transport
2026-04-14 21:32:42,973 [INFO]   • Shopping -> https://oman.arablocal.com/business/category/shopping
2026-04-14 21:32:42,973 [INFO]   • Fabric Dealers,Distributors & Manufacturers -> https://oman.arablocal.com/business/category/fabric-dealers%2Cdistributors-%26-manufacturers
2026-04-14 21:32:42,973 [INFO]   • Education -> https://oman.arablocal.com/business/category/education
2026-04-14 21:32:42,973 [INFO]   • Electronics -> https://oman.arablocal.com/business/category/electronics
2026-04-14 21:32:42,973 [INFO]   • Logistics -> https://oman.arablocal.com/business/category/logistics
2026-04-14 21:32:42,973 [INFO]   • Apparel Wholesale Dealers,Distributors And Manufacturers -> https://oman.arablocal.com/business/category/apparel-wholesale-dealers%2Cdistributors-and-manufacturers
2026-04-14 21:32:42,973 [INFO]   • Traffic Sign Board Dealers -> https://oman.arablocal.com/business/category/traffic-sign-board-dealers
2026-04-14 21:32:42,973 [INFO]   • Health & Medical Care B2B -> https://oman.arablocal.com/business/category/health-%26-medical-care-b2b
2026-04-14 21:32:42,973 [INFO]   • Government -> https://oman.arablocal.com/business/category/government
2026-04-14 21:32:42,973 [INFO]   • Schools  -> https://oman.arablocal.com/business/category/schools-
2026-04-14 21:32:42,973 [INFO]   • Security -> https://oman.arablocal.com/business/category/security
2026-04-14 21:32:42,973 [INFO]   • Printing Services -> https://oman.arablocal.com/business/category/printing-services
2026-04-14 21:32:42,973 [INFO]   • Coffee Shops -> https://oman.arablocal.com/business/category/coffee-shops
2026-04-14 21:32:42,973 [INFO]   • Dealers, Distributors & Manufacturers -> https://oman.arablocal.com/business/category/dealers%2C-distributors-%26-manufacturers
2026-04-14 21:32:42,973 [INFO]   • Communication  -> https://oman.arablocal.com/business/category/communication-
2026-04-14 21:32:42,973 [INFO]   • Gift & Novelty -> https://oman.arablocal.com/business/category/gift-%26-novelty
2026-04-14 21:32:42,973 [INFO]   • Apparel -> https://oman.arablocal.com/business/category/apparel
2026-04-14 21:32:42,973 [INFO]   • Cafeterias -> https://oman.arablocal.com/business/category/cafeterias
2026-04-14 21:32:42,973 [INFO]   • Events -> https://oman.arablocal.com/business/category/events
2026-04-14 21:32:42,973 [INFO]   • Access Platform -> https://oman.arablocal.com/business/category/access-platform
2026-04-14 21:32:42,973 [INFO]   • Accessory -> https://oman.arablocal.com/business/category/accessory
2026-04-14 21:32:42,974 [INFO]   • Accomodation -> https://oman.arablocal.com/business/category/accomodation
2026-04-14 21:32:42,974 [INFO]   • Accounting -> https://oman.arablocal.com/business/category/accounting
2026-04-14 21:32:42,974 [INFO]   • Acoustical Consultants -> https://oman.arablocal.com/business/category/acoustical-consultants
2026-04-14 21:32:42,974 [INFO]   • Advertising -> https://oman.arablocal.com/business/category/advertising
2026-04-14 21:32:42,974 [INFO]   • Advertising & Marketing Services -> https://oman.arablocal.com/business/category/advertising-&-marketing-services
2026-04-14 21:32:42,974 [INFO]   • Aeronautic And Space  -> https://oman.arablocal.com/business/category/aeronautic-and-space-
2026-04-14 21:32:42,974 [INFO]   • Agriculture & Greenery -> https://oman.arablocal.com/business/category/agriculture-&-greenery
2026-04-14 21:32:42,974 [INFO]   • Air Conditioning -> https://oman.arablocal.com/business/category/air-conditioning
2026-04-14 21:32:42,974 [INFO]   • Air Conditioning B2B -> https://oman.arablocal.com/business/category/air-conditioning-b2b
2026-04-14 21:32:42,974 [INFO]   • Air Conditioning Repair Services -> https://oman.arablocal.com/business/category/air-conditioning-repair-services
2026-04-14 21:32:42,974 [INFO]   • Aircraft -> https://oman.arablocal.com/business/category/aircraft
2026-04-14 21:32:42,974 [INFO]   • Airlines -> https://oman.arablocal.com/business/category/airlines
2026-04-14 21:32:42,974 [INFO]   • Airport Services -> https://oman.arablocal.com/business/category/airport-services
2026-04-14 21:32:42,974 [INFO]   • Airports -> https://oman.arablocal.com/business/category/airports
2026-04-14 21:32:42,974 [INFO]   • Aluminum Dealers & Manufacturers -> https://oman.arablocal.com/business/category/aluminum-dealers-&-manufacturers
2026-04-14 21:32:42,974 [INFO]   • Animal -> https://oman.arablocal.com/business/category/animal
2026-04-14 21:32:42,974 [INFO]   • Antennas -> https://oman.arablocal.com/business/category/antennas
2026-04-14 21:32:42,974 [INFO]   • Apparel Wholesale Dealers,Distributors And Manufacturers -> https://oman.arablocal.com/business/category/apparel-wholesale-dealers,distributors-and-manufacturers
2026-04-14 21:32:42,974 [INFO]   • Aquariums   Acrylic Basins & Materials -> https://oman.arablocal.com/business/category/aquariums---acrylic-basins-&-materials
2026-04-14 21:32:42,974 [INFO]   • Arabic Translation Services -> https://oman.arablocal.com/business/category/arabic-translation-services
2026-04-14 21:32:42,974 [INFO]   • Art  Metal Works & Dealers  -> https://oman.arablocal.com/business/category/art--metal-works-&-dealers-
2026-04-14 21:32:42,974 [INFO]   • Arts -> https://oman.arablocal.com/business/category/arts
2026-04-14 21:32:42,974 [INFO]   • Atm -> https://oman.arablocal.com/business/category/atm
2026-04-14 21:32:42,974 [INFO]   • Audio & Video Services -> https://oman.arablocal.com/business/category/audio-&-video-services
2026-04-14 21:32:42,974 [INFO]   • Automation Systems -> https://oman.arablocal.com/business/category/automation-systems
2026-04-14 21:32:42,974 [INFO]   • Aviation -> https://oman.arablocal.com/business/category/aviation
2026-04-14 21:32:42,974 [INFO]   • Ayurveda -> https://oman.arablocal.com/business/category/ayurveda
2026-04-14 21:32:42,974 [INFO]   • Bags Nylon ,Pvc & Paper -> https://oman.arablocal.com/business/category/bags-nylon-,pvc-&-paper
2026-04-14 21:32:42,974 [INFO]   • Banquet Halls -> https://oman.arablocal.com/business/category/banquet-halls
2026-04-14 21:32:42,974 [INFO]   • Barbers Equipment & Supplies -> https://oman.arablocal.com/business/category/barbers-equipment-&-supplies
2026-04-14 21:32:42,974 [INFO]   • Bathroom Accessories & Cubicles -> https://oman.arablocal.com/business/category/bathroom-accessories-&-cubicles
2026-04-14 21:32:42,974 [INFO]   • Bedding -> https://oman.arablocal.com/business/category/bedding
2026-04-14 21:32:42,974 [INFO]   • Beekeepers -> https://oman.arablocal.com/business/category/beekeepers
2026-04-14 21:32:42,974 [INFO]   • Bike -> https://oman.arablocal.com/business/category/bike
2026-04-14 21:32:42,974 [INFO]   • Binding -> https://oman.arablocal.com/business/category/binding
2026-04-14 21:32:42,974 [INFO]   • Birds -> https://oman.arablocal.com/business/category/birds
2026-04-14 21:32:42,974 [INFO]   • Blasting & Quarrying Contractors -> https://oman.arablocal.com/business/category/blasting-&-quarrying-contractors
2026-04-14 21:32:42,974 [INFO]   • Boat -> https://oman.arablocal.com/business/category/boat
2026-04-14 21:32:42,974 [INFO]   • Boilers -> https://oman.arablocal.com/business/category/boilers
2026-04-14 21:32:42,974 [INFO]   • Botanical Gardens -> https://oman.arablocal.com/business/category/botanical-gardens
2026-04-14 21:32:42,974 [INFO]   • Bottles & Bottle Cap -> https://oman.arablocal.com/business/category/bottles-&-bottle-cap
2026-04-14 21:32:42,974 [INFO]   • Boxes -> https://oman.arablocal.com/business/category/boxes
2026-04-14 21:32:42,974 [INFO]   • Branch Of General Organization For Social Insurance -> https://oman.arablocal.com/business/category/branch-of-general-organization-for-social-insurance
2026-04-14 21:32:42,974 [INFO]   • Briquettes -> https://oman.arablocal.com/business/category/briquettes
2026-04-14 21:32:42,974 [INFO]   • Butcheries Retail -> https://oman.arablocal.com/business/category/butcheries-retail
2026-04-14 21:32:42,974 [INFO]   • Cabanas -> https://oman.arablocal.com/business/category/cabanas
2026-04-14 21:32:42,974 [INFO]   • Cable -> https://oman.arablocal.com/business/category/cable
2026-04-14 21:32:42,974 [INFO]   • Calibration Systems & Services -> https://oman.arablocal.com/business/category/calibration-systems-&-services
2026-04-14 21:32:42,974 [INFO]   • Camps -> https://oman.arablocal.com/business/category/camps
2026-04-14 21:32:42,974 [INFO]   • Cargo Services -> https://oman.arablocal.com/business/category/cargo-services
2026-04-14 21:32:42,974 [INFO]   • Cemetery -> https://oman.arablocal.com/business/category/cemetery
2026-04-14 21:32:42,974 [INFO]   • Certified Translators -> https://oman.arablocal.com/business/category/certified-translators
2026-04-14 21:32:42,974 [INFO]   • Charity -> https://oman.arablocal.com/business/category/charity
2026-04-14 21:32:42,974 [INFO]   • Chemicals -> https://oman.arablocal.com/business/category/chemicals
2026-04-14 21:32:42,974 [INFO]   • Children Apparel -> https://oman.arablocal.com/business/category/children-apparel
2026-04-14 21:32:42,974 [INFO]   • Church -> https://oman.arablocal.com/business/category/church
2026-04-14 21:32:42,974 [INFO]   • Cleansers -> https://oman.arablocal.com/business/category/cleansers
2026-04-14 21:32:42,974 [INFO]   • Clothing B2B -> https://oman.arablocal.com/business/category/clothing-b2b
2026-04-14 21:32:42,974 [INFO]   • Club Room Equipment & Services -> https://oman.arablocal.com/business/category/club-room-equipment-&-services
2026-04-14 21:32:42,974 [INFO]   • Coffee Shop   Equipment & Accessories -> https://oman.arablocal.com/business/category/coffee-shop---equipment-&-accessories
2026-04-14 21:32:42,974 [INFO]   • Coins & Tokens -> https://oman.arablocal.com/business/category/coins-&-tokens
2026-04-14 21:32:42,974 [INFO]   • Commerce & Industry -> https://oman.arablocal.com/business/category/commerce-&-industry
2026-04-14 21:32:42,974 [INFO]   • Companies & Industries -> https://oman.arablocal.com/business/category/companies-&-industries
2026-04-14 21:32:42,974 [INFO]   • Computer -> https://oman.arablocal.com/business/category/computer
2026-04-14 21:32:42,974 [INFO]   • Consultancy -> https://oman.arablocal.com/business/category/consultancy
2026-04-14 21:32:42,974 [INFO]   • Consultants -> https://oman.arablocal.com/business/category/consultants
2026-04-14 21:32:42,976 [INFO]   • Control System & Regulators -> https://oman.arablocal.com/business/category/control-system-&-regulators
2026-04-14 21:32:42,976 [INFO]   • Courier -> https://oman.arablocal.com/business/category/courier
2026-04-14 21:32:42,976 [INFO]   • Credit Cards Companies & Cheque Cashing Protection Section -> https://oman.arablocal.com/business/category/credit-cards-companies-&-cheque-cashing-protection-section
2026-04-14 21:32:42,976 [INFO]   • Day Care -> https://oman.arablocal.com/business/category/day-care
2026-04-14 21:32:42,976 [INFO]   • De Lamintation Services -> https://oman.arablocal.com/business/category/de-lamintation-services
2026-04-14 21:32:42,976 [INFO]   • De Watering -> https://oman.arablocal.com/business/category/de-watering
2026-04-14 21:32:42,976 [INFO]   • Dealers, Distributors & Manufacturers -> https://oman.arablocal.com/business/category/dealers,-distributors-&-manufacturers
2026-04-14 21:32:42,976 [INFO]   • Decoration Contractors -> https://oman.arablocal.com/business/category/decoration-contractors
2026-04-14 21:32:42,976 [INFO]   • Design -> https://oman.arablocal.com/business/category/design
2026-04-14 21:32:42,976 [INFO]   • Design & Installation -> https://oman.arablocal.com/business/category/design-&-installation
2026-04-14 21:32:42,976 [INFO]   • Digital -> https://oman.arablocal.com/business/category/digital
2026-04-14 21:32:42,976 [INFO]   • Doctors -> https://oman.arablocal.com/business/category/doctors
2026-04-14 21:32:42,976 [INFO]   • Drainage  -> https://oman.arablocal.com/business/category/drainage-
2026-04-14 21:32:42,976 [INFO]   • Electrical B2B -> https://oman.arablocal.com/business/category/electrical-b2b
2026-04-14 21:32:42,976 [INFO]   • Electro Mechanical  -> https://oman.arablocal.com/business/category/electro-mechanical-
2026-04-14 21:32:42,976 [INFO]   • Electronics B2B -> https://oman.arablocal.com/business/category/electronics-b2b
2026-04-14 21:32:42,976 [INFO]   • Embassies -> https://oman.arablocal.com/business/category/embassies
2026-04-14 21:32:42,976 [INFO]   • Emergency -> https://oman.arablocal.com/business/category/emergency
2026-04-14 21:32:42,976 [INFO]   • Entertainment -> https://oman.arablocal.com/business/category/entertainment
2026-04-14 21:32:42,976 [INFO]   • Equipment & Supplies -> https://oman.arablocal.com/business/category/equipment-&-supplies
2026-04-14 21:32:42,976 [INFO]   • Exchange -> https://oman.arablocal.com/business/category/exchange
2026-04-14 21:32:42,976 [INFO]   • Extreme Sports -> https://oman.arablocal.com/business/category/extreme-sports
2026-04-14 21:32:42,976 [INFO]   • Fabric Dealers,Distributors & Manufacturers -> https://oman.arablocal.com/business/category/fabric-dealers,distributors-&-manufacturers
2026-04-14 21:32:42,976 [INFO]   • Farms -> https://oman.arablocal.com/business/category/farms
2026-04-14 21:32:42,976 [INFO]   • Fashion Designing Institutes -> https://oman.arablocal.com/business/category/fashion-designing-institutes
2026-04-14 21:32:42,976 [INFO]   • Film Production -> https://oman.arablocal.com/business/category/film-production
2026-04-14 21:32:42,976 [INFO]   • Filtering -> https://oman.arablocal.com/business/category/filtering
2026-04-14 21:32:42,976 [INFO]   • Finance B2B -> https://oman.arablocal.com/business/category/finance-b2b
2026-04-14 21:32:42,976 [INFO]   • Finance Companies -> https://oman.arablocal.com/business/category/finance-companies
2026-04-14 21:32:42,976 [INFO]   • Fitness -> https://oman.arablocal.com/business/category/fitness
2026-04-14 21:32:42,976 [INFO]   • Fitness Equipment Suppliers -> https://oman.arablocal.com/business/category/fitness-equipment-suppliers
2026-04-14 21:32:42,976 [INFO]   • Floors & Ceilings -> https://oman.arablocal.com/business/category/floors-&-ceilings
2026-04-14 21:32:42,976 [INFO]   • Florist -> https://oman.arablocal.com/business/category/florist
2026-04-14 21:32:42,976 [INFO]   • Flowers -> https://oman.arablocal.com/business/category/flowers
2026-04-14 21:32:42,976 [INFO]   • Footwear -> https://oman.arablocal.com/business/category/footwear
2026-04-14 21:32:42,976 [INFO]   • Foundations -> https://oman.arablocal.com/business/category/foundations
2026-04-14 21:32:42,976 [INFO]   • Fruits  And Vegetables -> https://oman.arablocal.com/business/category/fruits--and-vegetables
2026-04-14 21:32:42,976 [INFO]   • Fruits And Vegetables B2B -> https://oman.arablocal.com/business/category/fruits-and-vegetables-b2b
2026-04-14 21:32:42,976 [INFO]   • Furniture B2B -> https://oman.arablocal.com/business/category/furniture-b2b
2026-04-14 21:32:42,976 [INFO]   • Geography -> https://oman.arablocal.com/business/category/geography
2026-04-14 21:32:42,976 [INFO]   • Gift & Novelty -> https://oman.arablocal.com/business/category/gift-&-novelty
2026-04-14 21:32:42,977 [INFO]   • Golf Equipment -> https://oman.arablocal.com/business/category/golf-equipment
2026-04-14 21:32:42,977 [INFO]   • Hair Care -> https://oman.arablocal.com/business/category/hair-care
2026-04-14 21:32:42,977 [INFO]   • Health & Medical Care B2B -> https://oman.arablocal.com/business/category/health-&-medical-care-b2b
2026-04-14 21:32:42,977 [INFO]   • Home Decor Stores -> https://oman.arablocal.com/business/category/home-decor-stores
2026-04-14 21:32:42,977 [INFO]   • Hospitals & Clinics -> https://oman.arablocal.com/business/category/hospitals-&-clinics
2026-04-14 21:32:42,977 [INFO]   • Hotels & Resorts -> https://oman.arablocal.com/business/category/hotels-&-resorts
2026-04-14 21:32:42,977 [INFO]   • Household  -> https://oman.arablocal.com/business/category/household-
2026-04-14 21:32:42,977 [INFO]   • Import & Export -> https://oman.arablocal.com/business/category/import-&-export
2026-04-14 21:32:42,977 [INFO]   • Instrument And Instrumentation -> https://oman.arablocal.com/business/category/instrument-and-instrumentation
2026-04-14 21:32:42,977 [INFO]   • Insurance -> https://oman.arablocal.com/business/category/insurance
2026-04-14 21:32:42,977 [INFO]   • Internet -> https://oman.arablocal.com/business/category/internet
2026-04-14 21:32:42,977 [INFO]   • Jet Ski Equipment Dealers -> https://oman.arablocal.com/business/category/jet-ski-equipment-dealers
2026-04-14 21:32:42,977 [INFO]   • Jobs -> https://oman.arablocal.com/business/category/jobs
2026-04-14 21:32:42,977 [INFO]   • Kitchen Equipment Suppliers -> https://oman.arablocal.com/business/category/kitchen-equipment-suppliers
2026-04-14 21:32:42,977 [INFO]   • Laboratories -> https://oman.arablocal.com/business/category/laboratories
2026-04-14 21:32:42,977 [INFO]   • Legal -> https://oman.arablocal.com/business/category/legal
2026-04-14 21:32:42,977 [INFO]   • Liquor -> https://oman.arablocal.com/business/category/liquor
2026-04-14 21:32:42,977 [INFO]   • Live Stock -> https://oman.arablocal.com/business/category/live-stock
2026-04-14 21:32:42,977 [INFO]   • Logistic Services -> https://oman.arablocal.com/business/category/logistic-services
2026-04-14 21:32:42,977 [INFO]   • Marine & Shipping -> https://oman.arablocal.com/business/category/marine-&-shipping
2026-04-14 21:32:42,977 [INFO]   • Men Apparel -> https://oman.arablocal.com/business/category/men-apparel
2026-04-14 21:32:42,977 [INFO]   • Mobile -> https://oman.arablocal.com/business/category/mobile
2026-04-14 21:32:42,977 [INFO]   • Mosque -> https://oman.arablocal.com/business/category/mosque
2026-04-14 21:32:42,977 [INFO]   • Navy -> https://oman.arablocal.com/business/category/navy
2026-04-14 21:32:42,977 [INFO]   • Oil & Gas -> https://oman.arablocal.com/business/category/oil-&-gas
2026-04-14 21:32:42,977 [INFO]   • Organizations -> https://oman.arablocal.com/business/category/organizations
2026-04-14 21:32:42,977 [INFO]   • Outdoor Decorators -> https://oman.arablocal.com/business/category/outdoor-decorators
2026-04-14 21:32:42,977 [INFO]   • Packaging Machinery -> https://oman.arablocal.com/business/category/packaging-machinery
2026-04-14 21:32:42,977 [INFO]   • Paper Products Dealers, Distributors & Manufacturers -> https://oman.arablocal.com/business/category/paper-products-dealers,-distributors-&-manufacturers
2026-04-14 21:32:42,977 [INFO]   • Personal Care Products B2B -> https://oman.arablocal.com/business/category/personal-care-products-b2b
2026-04-14 21:32:42,977 [INFO]   • Petrol Pump -> https://oman.arablocal.com/business/category/petrol-pump
2026-04-14 21:32:42,977 [INFO]   • Pets -> https://oman.arablocal.com/business/category/pets
2026-04-14 21:32:42,977 [INFO]   • Photography -> https://oman.arablocal.com/business/category/photography
2026-04-14 21:32:42,977 [INFO]   • Plastics & Plastic Products,Supplies -> https://oman.arablocal.com/business/category/plastics-&-plastic-products,supplies
2026-04-14 21:32:42,977 [INFO]   • Plumbing -> https://oman.arablocal.com/business/category/plumbing
2026-04-14 21:32:42,977 [INFO]   • Product Dealers & Distributors -> https://oman.arablocal.com/business/category/product-dealers-&-distributors
2026-04-14 21:32:42,977 [INFO]   • Public Postal Services -> https://oman.arablocal.com/business/category/public-postal-services
2026-04-14 21:32:42,977 [INFO]   • Relocation Services -> https://oman.arablocal.com/business/category/relocation-services
2026-04-14 21:32:42,977 [INFO]   • Repairs -> https://oman.arablocal.com/business/category/repairs
2026-04-14 21:32:42,977 [INFO]   • Research & Analysis -> https://oman.arablocal.com/business/category/research-&-analysis
2026-04-14 21:32:42,977 [INFO]   • Safety  -> https://oman.arablocal.com/business/category/safety-
2026-04-14 21:32:42,977 [INFO]   • Services B2B -> https://oman.arablocal.com/business/category/services-b2b
2026-04-14 21:32:42,977 [INFO]   • Shisha -> https://oman.arablocal.com/business/category/shisha
2026-04-14 21:32:42,977 [INFO]   • Sports -> https://oman.arablocal.com/business/category/sports
2026-04-14 21:32:42,977 [INFO]   • Stationery -> https://oman.arablocal.com/business/category/stationery
2026-04-14 21:32:42,977 [INFO]   • Tailoring -> https://oman.arablocal.com/business/category/tailoring
2026-04-14 21:32:42,977 [INFO]   • Tailoring Equipment & Accessories Dealers, Distributors & Manufacturers -> https://oman.arablocal.com/business/category/tailoring-equipment-&-accessories-dealers,-distributors-&-manufacturers
2026-04-14 21:32:42,978 [INFO]   • Taxi -> https://oman.arablocal.com/business/category/taxi
2026-04-14 21:32:42,978 [INFO]   • Temples -> https://oman.arablocal.com/business/category/temples
2026-04-14 21:32:42,978 [INFO]   • Tourist Attractions -> https://oman.arablocal.com/business/category/tourist-attractions
2026-04-14 21:32:42,978 [INFO]   • Training -> https://oman.arablocal.com/business/category/training
2026-04-14 21:32:42,978 [INFO]   • Universities -> https://oman.arablocal.com/business/category/universities
2026-04-14 21:32:42,978 [INFO]   • Vehicles -> https://oman.arablocal.com/business/category/vehicles
2026-04-14 21:32:42,978 [INFO]   • Waste Disposal Service -> https://oman.arablocal.com/business/category/waste-disposal-service
2026-04-14 21:32:42,978 [INFO]   • Water Treatment Equipment. Services & Supplies -> https://oman.arablocal.com/business/category/water-treatment-equipment.-services-&-supplies
2026-04-14 21:32:42,978 [INFO]   • Wedding -> https://oman.arablocal.com/business/category/wedding
2026-04-14 21:32:42,978 [INFO]   • Women Apparel -> https://oman.arablocal.com/business/category/women-apparel
2026-04-14 21:32:42,978 [INFO]   • Wood Products -> https://oman.arablocal.com/business/category/wood-products
2026-04-14 21:32:42,986 [INFO] [L1] health-care page 1: https://oman.arablocal.com/business/category/health-care
2026-04-14 21:32:46,847 [INFO] [L1] Found 25 links, 25 new (skipped 0 existing)
2026-04-14 21:32:46,870 [INFO] [L1] health-care page 1: https://oman.arablocal.com/business/category/health-care/page:2
2026-04-14 21:32:48,717 [INFO] [L2] #1 arablocal.com | 520: Web server is returning an unknown error — https://oman.arablocal.com/business/view/abu-ali-al-madani-trading-llc
2026-04-14 21:32:48,762 [INFO] [L2] #2 arablocal.com | 520: Web server is returning an unknown error — https://oman.arablocal.com/business/view/al-razi-pharmacy-llc
2026-04-14 21:32:49,085 [INFO] [L2] #3 arablocal.com | 520: Web server is returning an unknown error — https://oman.arablocal.com/business/view/oman-medical-center
2026-04-14 21:32:49,115 [INFO] [L2] #4 arablocal.com | 520: Web server is returning an unknown error — https://oman.arablocal.com/business/view/muscat-pharmacy-salalah-branch-llc
2026-04-14 21:32:49,319 [INFO] [L2] #5 arablocal.com | 520: Web server is returning an unknown error — https://oman.arablocal.com/business/view/bader-al-jashmi
2026-04-14 21:32:49,338 [INFO] [L2] #6 arablocal.com | 520: Web server is returning an unknown error — https://oman.arablocal.com/business/view/eyewear-ibri
2026-04-14 21:32:50,650 [INFO] [L2] #7 arablocal.com | 520: Web server is returning an unknown error — https://oman.arablocal.com/business/view/belqees-pharmacy
2026-04-14 21:32:50,749 [INFO] [L2] #8 arablocal.com | 520: Web server is returning an unknown error — https://oman.arablocal.com/business/view/al-farabi-pharmacy
2026-04-14 21:32:51,269 [INFO] [L2] #9 arablocal.com | 520: Web server is returning an unknown error — https://oman.arablocal.com/business/view/hala-pharmacy
2026-04-14 21:32:51,540 [INFO] [L2] #10 Al Issa Glasses — https://oman.arablocal.com/business/view/al-issa-glasses
2026-04-14 21:32:51,600 [INFO] [L2] #11 Al Magrabi Eye And Ear Center LLC — https://oman.arablocal.com/business/view/al-magrabi-eye-and-ear-center-llc
2026-04-14 21:32:51,986 [INFO] [L1] Found 25 links, 25 new (skipped 0 existing)
2026-04-14 21:32:52,053 [INFO] [L1] health-care page 1: https://oman.arablocal.com/business/category/health-care/page:3
2026-04-14 21:32:52,660 [INFO] [L2] #12 arablocal.com | 520: Web server is returning an unknown error — https://oman.arablocal.com/business/view/mazoon-pharmacy-llc
2026-04-14 21:32:53,177 [INFO] [L2] #13 arablocal.com | 520: Web server is returning an unknown error — https://oman.arablocal.com/business/view/al-tharmad-pharmacy
2026-04-14 21:32:53,201 [INFO] [L2] #14 Muttrah Pharmacy LLC — https://oman.arablocal.com/business/view/muttrah-pharmacy-llc
2026-04-14 21:32:53,467 [INFO] [L2] #15 arablocal.com | 520: Web server is returning an unknown error — https://oman.arablocal.com/business/view/oman-medical-supplies-and-services-co-llc
2026-04-14 21:32:54,340 [INFO] [L2] #16 Distinct Dar Muscat — https://oman.arablocal.com/business/view/distinct-dar-muscat
2026-04-14 21:32:54,476 [INFO] [L2] #17 Integrated Medical Solutions LLC — https://oman.arablocal.com/business/view/integrated-medical-solutions-llc
2026-04-14 21:32:54,713 [INFO] [L1] Found 0 links, 0 new (skipped 0 existing)
2026-04-14 21:32:54,746 [INFO] [L1] Total URLs queued for health-care: 50
2026-04-14 21:32:55,520 [INFO] [L2] #18 Golden Target Medical Service — https://oman.arablocal.com/business/view/golden-target-medical-service
2026-04-14 21:32:56,246 [INFO] [L2] #19 arablocal.com | 520: Web server is returning an unknown error — https://oman.arablocal.com/business/view/hassan-opticals-co-asso
2026-04-14 21:32:56,460 [INFO] [L2] #20 Sohar Pharmacy LLC — https://oman.arablocal.com/business/view/sohar-pharmacy-llc
2026-04-14 21:32:56,463 [INFO] [limit] Reached 20/20 — shutting down producers
2026-04-14 21:32:56,550 [INFO] [L2] #21 Yas Medical Center L L C — https://oman.arablocal.com/business/view/yas-medical-center-l-l-c
2026-04-14 21:32:57,275 [INFO] [L2] #22 arablocal.com | 520: Web server is returning an unknown error — https://oman.arablocal.com/business/view/abu-ali-al-madni-trading
2026-04-14 21:32:59,173 [INFO] [L2] #23 Modern Exchange Salalah Atin Rd — https://oman.arablocal.com/business/view/modern-exchange-salalah-atin-rd
2026-04-14 21:32:59,321 [INFO] [L2] #24 Modern Exchange Sur Souk Street — https://oman.arablocal.com/business/view/modern-exchange-sur-souk-street
2026-04-14 21:32:59,414 [INFO] [L2] #25 Modern Exchange Nizwa — https://oman.arablocal.com/business/view/modern-exchange-nizwa
2026-04-14 21:32:59,473 [INFO] [L2] #26 Modern Exchange Jalan Bu Ali — https://oman.arablocal.com/business/view/modern-exchange-jalan-bu-ali
2026-04-14 21:32:59,504 [INFO] [L2] #27 Modern Exchange Salalah An Nahdah — https://oman.arablocal.com/business/view/modern-exchange--salalah-an-nahdah
2026-04-14 21:32:59,804 [INFO] [session] Browser session closed
